<?xml version="1.0" encoding="ISO-8859-1"?>
<configuration
      xmlns:xsi="http://www.w3.org/2001/XMLSchema-instance"
      xsi:schemaLocation="http://www.exoplatform.org/xml/ns/kernel_1_2.xsd http://www.exoplatform.org/xml/ns/kernel_1_2.xsd"
      xmlns="http://www.exoplatform.org/xml/ns/kernel_1_2.xsd">
   <component>
      <key>org.exoplatform.services.jcr.config.RepositoryServiceConfiguration</key>
      <type>org.exoplatform.services.jcr.impl.config.RepositoryServiceConfigurationImpl</type>
      <init-params>
         <value-param>
            <name>conf-path</name>
            <description>JCR configuration file</description>
            <value>classpath:/conf/jcr/test-repository-configuration.xml</value>
         </value-param>
         <properties-param>
            <name>working-conf</name>
            <description>working-conf</description>
            <property name="source-name" value="jdbcexo"/>
            <property name="dialect" value="hsqldb"/>
            <property name="persister-class-name" value="org.exoplatform.services.jcr.impl.config.JDBCConfigurationPersister"/>
         </properties-param>
      </init-params>
   </component>
   <component>
      <key>org.exoplatform.services.jcr.RepositoryService</key>
      <type>org.exoplatform.services.jcr.impl.RepositoryServiceImpl</type>
   </component>
   <component>
      <key>org.exoplatform.services.jcr.ext.distribution.DataDistributionManager</key>
      <type>org.exoplatform.services.jcr.ext.distribution.impl.DataDistributionManagerImpl</type>
   </component>
   <component>
      <key>org.exoplatform.services.jcr.ext.hierarchy.NodeHierarchyCreator</key>
      <type>org.exoplatform.services.jcr.ext.hierarchy.impl.NodeHierarchyCreatorImpl</type>
   </component>
   <component>
      <type>org.exoplatform.services.jcr.impl.ext.action.SessionActionCatalog</type>
   </component>
   <external-component-plugins>
      <target-component>org.exoplatform.services.jcr.RepositoryService</target-component>
      <component-plugin>
         <name>add.nodeType</name>
         <set-method>addPlugin</set-method>
         <type>org.exoplatform.services.jcr.impl.AddNodeTypePlugin</type>
         <init-params>
            <values-param>
               <name>autoCreatedInNewRepository</name>
               <description>Node types configuration file</description>
               <value>classpath:/conf/jcr/test-nodetypes-config.xml</value>
            </values-param>
         </init-params>
      </component-plugin>
   </external-component-plugins>
   <external-component-plugins>
      <target-component>org.exoplatform.services.naming.InitialContextInitializer</target-component>
      <component-plugin>
         <name>bind.datasource</name>
         <set-method>addPlugin</set-method>
         <type>org.exoplatform.services.naming.BindReferencePlugin</type>
         <init-params>
            <value-param>
               <name>bind-name</name>
               <value>jdbcexo</value>
            </value-param>
            <value-param>
               <name>class-name</name>
               <value>javax.sql.DataSource</value>
            </value-param>
            <value-param>
               <name>factory</name>
               <value>org.apache.commons.dbcp.BasicDataSourceFactory</value>
            </value-param>
            <properties-param>
               <name>ref-addresses</name>
               <description>ref-addresses</description>
               <property name="driverClassName" value="org.hsqldb.jdbcDriver"/>
               <property name='url' value='jdbc:hsqldb:mem:db/jdbcexo'/>
               <property name="username" value="sa"/>
               <property name="password" value=""/>
            </properties-param>
         </init-params>
      </component-plugin>
   </external-component-plugins>

   <external-component-plugins>
      <target-component>org.exoplatform.services.jcr.ext.hierarchy.NodeHierarchyCreator</target-component>
      <component-plugin>
         <name>addPaths</name>
         <set-method>addPlugin</set-method>
         <type>org.exoplatform.services.jcr.ext.hierarchy.impl.AddPathPlugin</type>
         <init-params>
            <object-param>
               <name>cms.configuration</name>
               <description>configuration for the cms path</description>
               <object type="org.exoplatform.services.jcr.ext.hierarchy.impl.HierarchyConfig">
                  <field name="repository">
                     <string>repository</string>
                  </field>
                  <field name="workspaces">
                     <collection type="java.util.ArrayList">
                        <value>
                           <string>collaboration</string>
                        </value>
                     </collection>
                  </field>
                  <field name="jcrPaths">
                     <collection type="java.util.ArrayList">
                        <value>
                           <object type="org.exoplatform.services.jcr.ext.hierarchy.impl.HierarchyConfig$JcrPath">
                              <field name="alias">
                                 <string>exoApplicationDataNode</string>
                              </field>
                              <field name="path">
                                 <string>/Application Data</string>
                              </field>
                              <field name="mixinTypes">
                                 <collection type="java.util.ArrayList">
                                    <value>
                                       <string>exo:hiddenable</string>
                                    </value>
                                 </collection>
                              </field>
                              <field name="permissions">
                                 <collection type="java.util.ArrayList">
                                    <value>
                                       <object type="org.exoplatform.services.jcr.ext.hierarchy.impl.HierarchyConfig$Permission">
                                          <field name="identity">
                                             <string>any</string>
                                          </field>
                                          <field name="read">
                                             <string>true</string>
                                          </field>
                                          <field name="addNode">
                                             <string>false</string>
                                          </field>
                                          <field name="setProperty">
                                             <string>false</string>
                                          </field>
                                          <field name="remove">
                                             <string>false</string>
                                          </field>
                                       </object>
                                    </value>
                                 </collection>
                              </field>
                           </object>
                        </value>
                     </collection>
                  </field>
               </object>
            </object-param>
         </init-params>
      </component-plugin>
   </external-component-plugins>
</configuration>
